# JRE version: OpenJDK Runtime Environment (8.0_242-b01) (build 1.8.0_242-release-1644-b01)
# Java VM: OpenJDK 64-Bit Server VM (25.242-b01 mixed mode windows-amd64 compressed oops)
Heap:
 PSYoungGen      total 496640K, used 354328K [0x00000000d5580000, 0x00000000f7900000, 0x0000000100000000)
  eden space 472576K, 71% used [0x00000000d5580000,0x00000000e9e01b98,0x00000000f2300000)
  from space 24064K, 74% used [0x00000000f3c80000,0x00000000f4e04758,0x00000000f5400000)
  to   space 26112K, 0% used [0x00000000f2300000,0x00000000f2300000,0x00000000f3c80000)
 ParOldGen       total 159232K, used 91277K [0x0000000080000000, 0x0000000089b80000, 0x00000000d5580000)
  object space 159232K, 57% used [0x0000000080000000,0x00000000859234f0,0x0000000089b80000)
 Metaspace       used 75911K, capacity 80130K, committed 80304K, reserved 1118208K
  class space    used 10258K, capacity 11088K, committed 11184K, reserved 1048576K
GC Heap History (10 events):
Event: 89.383 GC heap before
{Heap before GC invocations=42 (full 4):
 PSYoungGen      total 423424K, used 406711K [0x00000000d5580000, 0x00000000f3380000, 0x0000000100000000)
  eden space 398848K, 100% used [0x00000000d5580000,0x00000000edb00000,0x00000000edb00000)
  from space 24576K, 31% used [0x00000000edb00000,0x00000000ee2adf50,0x00000000ef300000)
  to   space 24576K, 0% used [0x00000000f1b80000,0x00000000f1b80000,0x00000000f3380000)
 ParOldGen       total 159232K, used 91269K [0x0000000080000000, 0x0000000089b80000, 0x00000000d5580000)
  object space 159232K, 57% used [0x0000000080000000,0x00000000859214f0,0x0000000089b80000)
 Metaspace       used 75762K, capacity 80012K, committed 80304K, reserved 1118208K
  class space    used 10253K, capacity 11083K, committed 11184K, reserved 1048576K
Event: 89.407 GC heap after
Heap after GC invocations=42 (full 4):
 PSYoungGen      total 456704K, used 7615K [0x00000000d5580000, 0x00000000f2f80000, 0x0000000100000000)
  eden space 436224K, 0% used [0x00000000d5580000,0x00000000d5580000,0x00000000eff80000)
  from space 20480K, 37% used [0x00000000f1b80000,0x00000000f22eff38,0x00000000f2f80000)
  to   space 24576K, 0% used [0x00000000eff80000,0x00000000eff80000,0x00000000f1780000)
 ParOldGen       total 159232K, used 91269K [0x0000000080000000, 0x0000000089b80000, 0x00000000d5580000)
  object space 159232K, 57% used [0x0000000080000000,0x00000000859214f0,0x0000000089b80000)
 Metaspace       used 75762K, capacity 80012K, committed 80304K, reserved 1118208K
  class space    used 10253K, capacity 11083K, committed 11184K, reserved 1048576K
}
Event: 92.759 GC heap before
{Heap before GC invocations=43 (full 4):
 PSYoungGen      total 456704K, used 443839K [0x00000000d5580000, 0x00000000f2f80000, 0x0000000100000000)
  eden space 436224K, 100% used [0x00000000d5580000,0x00000000eff80000,0x00000000eff80000)
  from space 20480K, 37% used [0x00000000f1b80000,0x00000000f22eff38,0x00000000f2f80000)
  to   space 24576K, 0% used [0x00000000eff80000,0x00000000eff80000,0x00000000f1780000)
 ParOldGen       total 159232K, used 91269K [0x0000000080000000, 0x0000000089b80000, 0x00000000d5580000)
  object space 159232K, 57% used [0x0000000080000000,0x00000000859214f0,0x0000000089b80000)
 Metaspace       used 75786K, capacity 80022K, committed 80304K, reserved 1118208K
  class space    used 10254K, capacity 11084K, committed 11184K, reserved 1048576K
Event: 92.793 GC heap after
Heap after GC invocations=43 (full 4):
 PSYoungGen      total 460800K, used 14324K [0x00000000d5580000, 0x00000000f5400000, 0x0000000100000000)
  eden space 436224K, 0% used [0x00000000d5580000,0x00000000d5580000,0x00000000eff80000)
  from space 24576K, 58% used [0x00000000eff80000,0x00000000f0d7d270,0x00000000f1780000)
  to   space 24064K, 0% used [0x00000000f3c80000,0x00000000f3c80000,0x00000000f5400000)
 ParOldGen       total 159232K, used 91269K [0x0000000080000000, 0x0000000089b80000, 0x00000000d5580000)
  object space 159232K, 57% used [0x0000000080000000,0x00000000859214f0,0x0000000089b80000)
 Metaspace       used 75786K, capacity 80022K, committed 80304K, reserved 1118208K
  class space    used 10254K, capacity 11084K, committed 11184K, reserved 1048576K
}
Event: 95.230 GC heap before
{Heap before GC invocations=44 (full 4):
 PSYoungGen      total 460800K, used 450548K [0x00000000d5580000, 0x00000000f5400000, 0x0000000100000000)
  eden space 436224K, 100% used [0x00000000d5580000,0x00000000eff80000,0x00000000eff80000)
  from space 24576K, 58% used [0x00000000eff80000,0x00000000f0d7d270,0x00000000f1780000)
  to   space 24064K, 0% used [0x00000000f3c80000,0x00000000f3c80000,0x00000000f5400000)
 ParOldGen       total 159232K, used 91269K [0x0000000080000000, 0x0000000089b80000, 0x00000000d5580000)
  object space 159232K, 57% used [0x0000000080000000,0x00000000859214f0,0x0000000089b80000)
 Metaspace       used 75795K, capacity 80022K, committed 80304K, reserved 1118208K
  class space    used 10254K, capacity 11084K, committed 11184K, reserved 1048576K
Event: 95.265 GC heap after
Heap after GC invocations=44 (full 4):
 PSYoungGen      total 496128K, used 22883K [0x00000000d5580000, 0x00000000f5900000, 0x0000000100000000)
  eden space 472064K, 0% used [0x00000000d5580000,0x00000000d5580000,0x00000000f2280000)
  from space 24064K, 95% used [0x00000000f3c80000,0x00000000f52d8c48,0x00000000f5400000)
  to   space 26624K, 0% used [0x00000000f2280000,0x00000000f2280000,0x00000000f3c80000)
 ParOldGen       total 159232K, used 91269K [0x0000000080000000, 0x0000000089b80000, 0x00000000d5580000)
  object space 159232K, 57% used [0x0000000080000000,0x00000000859214f0,0x0000000089b80000)
 Metaspace       used 75795K, capacity 80022K, committed 80304K, reserved 1118208K
  class space    used 10254K, capacity 11084K, committed 11184K, reserved 1048576K
}
Event: 98.202 GC heap before
{Heap before GC invocations=45 (full 4):
 PSYoungGen      total 496128K, used 494947K [0x00000000d5580000, 0x00000000f5900000, 0x0000000100000000)
  eden space 472064K, 100% used [0x00000000d5580000,0x00000000f2280000,0x00000000f2280000)
  from space 24064K, 95% used [0x00000000f3c80000,0x00000000f52d8c48,0x00000000f5400000)
  to   space 26624K, 0% used [0x00000000f2280000,0x00000000f2280000,0x00000000f3c80000)
 ParOldGen       total 159232K, used 91269K [0x0000000080000000, 0x0000000089b80000, 0x00000000d5580000)
  object space 159232K, 57% used [0x0000000080000000,0x00000000859214f0,0x0000000089b80000)
 Metaspace       used 75844K, capacity 80056K, committed 80304K, reserved 1118208K
  class space    used 10256K, capacity 11087K, committed 11184K, reserved 1048576K
Event: 98.263 GC heap after
Heap after GC invocations=45 (full 4):
 PSYoungGen      total 498688K, used 14957K [0x00000000d5580000, 0x00000000f5900000, 0x0000000100000000)
  eden space 472064K, 0% used [0x00000000d5580000,0x00000000d5580000,0x00000000f2280000)
  from space 26624K, 56% used [0x00000000f2280000,0x00000000f311b578,0x00000000f3c80000)
  to   space 24064K, 0% used [0x00000000f3c80000,0x00000000f3c80000,0x00000000f5400000)
 ParOldGen       total 159232K, used 91277K [0x0000000080000000, 0x0000000089b80000, 0x00000000d5580000)
  object space 159232K, 57% used [0x0000000080000000,0x00000000859234f0,0x0000000089b80000)
 Metaspace       used 75844K, capacity 80056K, committed 80304K, reserved 1118208K
  class space    used 10256K, capacity 11087K, committed 11184K, reserved 1048576K
}
Event: 101.981 GC heap before
{Heap before GC invocations=46 (full 4):
 PSYoungGen      total 498688K, used 487021K [0x00000000d5580000, 0x00000000f5900000, 0x0000000100000000)
  eden space 472064K, 100% used [0x00000000d5580000,0x00000000f2280000,0x00000000f2280000)
  from space 26624K, 56% used [0x00000000f2280000,0x00000000f311b578,0x00000000f3c80000)
  to   space 24064K, 0% used [0x00000000f3c80000,0x00000000f3c80000,0x00000000f5400000)
 ParOldGen       total 159232K, used 91277K [0x0000000080000000, 0x0000000089b80000, 0x00000000d5580000)
  object space 159232K, 57% used [0x0000000080000000,0x00000000859234f0,0x0000000089b80000)
 Metaspace       used 75897K, capacity 80130K, committed 80304K, reserved 1118208K
  class space    used 10258K, capacity 11088K, committed 11184K, reserved 1048576K
Event: 102.012 GC heap after
Heap after GC invocations=46 (full 4):
 PSYoungGen      total 496640K, used 17937K [0x00000000d5580000, 0x00000000f7900000, 0x0000000100000000)
  eden space 472576K, 0% used [0x00000000d5580000,0x00000000d5580000,0x00000000f2300000)
  from space 24064K, 74% used [0x00000000f3c80000,0x00000000f4e04758,0x00000000f5400000)
  to   space 26112K, 0% used [0x00000000f2300000,0x00000000f2300000,0x00000000f3c80000)
 ParOldGen       total 159232K, used 91277K [0x0000000080000000, 0x0000000089b80000, 0x00000000d5580000)
  object space 159232K, 57% used [0x0000000080000000,0x00000000859234f0,0x0000000089b80000)
 Metaspace       used 75897K, capacity 80130K, committed 80304K, reserved 1118208K
  class space    used 10258K, capacity 11088K, committed 11184K, reserved 1048576K
}

