# JRE version: OpenJDK Runtime Environment (8.0_242-b01) (build 1.8.0_242-release-1644-b01)
# Java VM: OpenJDK 64-Bit Server VM (25.242-b01 mixed mode windows-amd64 compressed oops)
Heap:
 PSYoungGen      total 358912K, used 337846K [0x00000000d5580000, 0x00000000ed300000, 0x0000000100000000)
  eden space 327168K, 99% used [0x00000000d5580000,0x00000000e9278900,0x00000000e9500000)
  from space 31744K, 41% used [0x00000000e9500000,0x00000000ea1f52b0,0x00000000eb400000)
  to   space 29696K, 0% used [0x00000000eb600000,0x00000000eb600000,0x00000000ed300000)
 ParOldGen       total 195584K, used 104515K [0x0000000080000000, 0x000000008bf00000, 0x00000000d5580000)
  object space 195584K, 53% used [0x0000000080000000,0x0000000086610ef8,0x000000008bf00000)
 Metaspace       used 106904K, capacity 112116K, committed 112408K, reserved 1146880K
  class space    used 13656K, capacity 14765K, committed 14888K, reserved 1048576K
GC Heap History (10 events):
Event: 245.836 GC heap before
{Heap before GC invocations=38 (full 4):
 PSYoungGen      total 322048K, used 296224K [0x00000000d5580000, 0x00000000ed580000, 0x0000000100000000)
  eden space 288768K, 100% used [0x00000000d5580000,0x00000000e6f80000,0x00000000e6f80000)
  from space 33280K, 22% used [0x00000000e6f80000,0x00000000e76c8000,0x00000000e9000000)
  to   space 32256K, 0% used [0x00000000eb600000,0x00000000eb600000,0x00000000ed580000)
 ParOldGen       total 137216K, used 115723K [0x0000000080000000, 0x0000000088600000, 0x00000000d5580000)
  object space 137216K, 84% used [0x0000000080000000,0x0000000087102cb0,0x0000000088600000)
 Metaspace       used 105431K, capacity 110456K, committed 110616K, reserved 1144832K
  class space    used 13508K, capacity 14587K, committed 14632K, reserved 1048576K
Event: 245.870 GC heap after
Heap after GC invocations=38 (full 4):
 PSYoungGen      total 356864K, used 4192K [0x00000000d5580000, 0x00000000ed300000, 0x0000000100000000)
  eden space 327168K, 0% used [0x00000000d5580000,0x00000000d5580000,0x00000000e9500000)
  from space 29696K, 14% used [0x00000000eb600000,0x00000000eba18010,0x00000000ed300000)
  to   space 31744K, 0% used [0x00000000e9500000,0x00000000e9500000,0x00000000eb400000)
 ParOldGen       total 137216K, used 122994K [0x0000000080000000, 0x0000000088600000, 0x00000000d5580000)
  object space 137216K, 89% used [0x0000000080000000,0x000000008781c9f0,0x0000000088600000)
 Metaspace       used 105431K, capacity 110456K, committed 110616K, reserved 1144832K
  class space    used 13508K, capacity 14587K, committed 14632K, reserved 1048576K
}
Event: 245.870 GC heap before
{Heap before GC invocations=39 (full 5):
 PSYoungGen      total 356864K, used 4192K [0x00000000d5580000, 0x00000000ed300000, 0x0000000100000000)
  eden space 327168K, 0% used [0x00000000d5580000,0x00000000d5580000,0x00000000e9500000)
  from space 29696K, 14% used [0x00000000eb600000,0x00000000eba18010,0x00000000ed300000)
  to   space 31744K, 0% used [0x00000000e9500000,0x00000000e9500000,0x00000000eb400000)
 ParOldGen       total 137216K, used 122994K [0x0000000080000000, 0x0000000088600000, 0x00000000d5580000)
  object space 137216K, 89% used [0x0000000080000000,0x000000008781c9f0,0x0000000088600000)
 Metaspace       used 105431K, capacity 110456K, committed 110616K, reserved 1144832K
  class space    used 13508K, capacity 14587K, committed 14632K, reserved 1048576K
Event: 247.404 GC heap after
Heap after GC invocations=39 (full 5):
 PSYoungGen      total 356864K, used 0K [0x00000000d5580000, 0x00000000ed300000, 0x0000000100000000)
  eden space 327168K, 0% used [0x00000000d5580000,0x00000000d5580000,0x00000000e9500000)
  from space 29696K, 0% used [0x00000000eb600000,0x00000000eb600000,0x00000000ed300000)
  to   space 31744K, 0% used [0x00000000e9500000,0x00000000e9500000,0x00000000eb400000)
 ParOldGen       total 195584K, used 104491K [0x0000000080000000, 0x000000008bf00000, 0x00000000d5580000)
  object space 195584K, 53% used [0x0000000080000000,0x000000008660aef8,0x000000008bf00000)
 Metaspace       used 105279K, capacity 110088K, committed 110616K, reserved 1144832K
  class space    used 13453K, capacity 14489K, committed 14632K, reserved 1048576K
}
Event: 249.648 GC heap before
{Heap before GC invocations=40 (full 5):
 PSYoungGen      total 356864K, used 327168K [0x00000000d5580000, 0x00000000ed300000, 0x0000000100000000)
  eden space 327168K, 100% used [0x00000000d5580000,0x00000000e9500000,0x00000000e9500000)
  from space 29696K, 0% used [0x00000000eb600000,0x00000000eb600000,0x00000000ed300000)
  to   space 31744K, 0% used [0x00000000e9500000,0x00000000e9500000,0x00000000eb400000)
 ParOldGen       total 195584K, used 104491K [0x0000000080000000, 0x000000008bf00000, 0x00000000d5580000)
  object space 195584K, 53% used [0x0000000080000000,0x000000008660aef8,0x000000008bf00000)
 Metaspace       used 105529K, capacity 110502K, committed 111000K, reserved 1144832K
  class space    used 13498K, capacity 14576K, committed 14760K, reserved 1048576K
Event: 249.662 GC heap after
Heap after GC invocations=40 (full 5):
 PSYoungGen      total 358912K, used 4872K [0x00000000d5580000, 0x00000000ed300000, 0x0000000100000000)
  eden space 327168K, 0% used [0x00000000d5580000,0x00000000d5580000,0x00000000e9500000)
  from space 31744K, 15% used [0x00000000e9500000,0x00000000e99c2010,0x00000000eb400000)
  to   space 29696K, 0% used [0x00000000eb600000,0x00000000eb600000,0x00000000ed300000)
 ParOldGen       total 195584K, used 104499K [0x0000000080000000, 0x000000008bf00000, 0x00000000d5580000)
  object space 195584K, 53% used [0x0000000080000000,0x000000008660cef8,0x000000008bf00000)
 Metaspace       used 105529K, capacity 110502K, committed 111000K, reserved 1144832K
  class space    used 13498K, capacity 14576K, committed 14760K, reserved 1048576K
}
Event: 252.307 GC heap before
{Heap before GC invocations=41 (full 5):
 PSYoungGen      total 358912K, used 332040K [0x00000000d5580000, 0x00000000ed300000, 0x0000000100000000)
  eden space 327168K, 100% used [0x00000000d5580000,0x00000000e9500000,0x00000000e9500000)
  from space 31744K, 15% used [0x00000000e9500000,0x00000000e99c2010,0x00000000eb400000)
  to   space 29696K, 0% used [0x00000000eb600000,0x00000000eb600000,0x00000000ed300000)
 ParOldGen       total 195584K, used 104499K [0x0000000080000000, 0x000000008bf00000, 0x00000000d5580000)
  object space 195584K, 53% used [0x0000000080000000,0x000000008660cef8,0x000000008bf00000)
 Metaspace       used 106443K, capacity 111468K, committed 111768K, reserved 1146880K
  class space    used 13618K, capacity 14693K, committed 14760K, reserved 1048576K
Event: 252.328 GC heap after
Heap after GC invocations=41 (full 5):
 PSYoungGen      total 356864K, used 9230K [0x00000000d5580000, 0x00000000ed300000, 0x0000000100000000)
  eden space 327168K, 0% used [0x00000000d5580000,0x00000000d5580000,0x00000000e9500000)
  from space 29696K, 31% used [0x00000000eb600000,0x00000000ebf03bd0,0x00000000ed300000)
  to   space 31744K, 0% used [0x00000000e9500000,0x00000000e9500000,0x00000000eb400000)
 ParOldGen       total 195584K, used 104507K [0x0000000080000000, 0x000000008bf00000, 0x00000000d5580000)
  object space 195584K, 53% used [0x0000000080000000,0x000000008660eef8,0x000000008bf00000)
 Metaspace       used 106443K, capacity 111468K, committed 111768K, reserved 1146880K
  class space    used 13618K, capacity 14693K, committed 14760K, reserved 1048576K
}
Event: 255.765 GC heap before
{Heap before GC invocations=42 (full 5):
 PSYoungGen      total 356864K, used 336398K [0x00000000d5580000, 0x00000000ed300000, 0x0000000100000000)
  eden space 327168K, 100% used [0x00000000d5580000,0x00000000e9500000,0x00000000e9500000)
  from space 29696K, 31% used [0x00000000eb600000,0x00000000ebf03bd0,0x00000000ed300000)
  to   space 31744K, 0% used [0x00000000e9500000,0x00000000e9500000,0x00000000eb400000)
 ParOldGen       total 195584K, used 104507K [0x0000000080000000, 0x000000008bf00000, 0x00000000d5580000)
  object space 195584K, 53% used [0x0000000080000000,0x000000008660eef8,0x000000008bf00000)
 Metaspace       used 106886K, capacity 112116K, committed 112408K, reserved 1146880K
  class space    used 13656K, capacity 14765K, committed 14888K, reserved 1048576K
Event: 255.829 GC heap after
Heap after GC invocations=42 (full 5):
 PSYoungGen      total 358912K, used 13268K [0x00000000d5580000, 0x00000000ed300000, 0x0000000100000000)
  eden space 327168K, 0% used [0x00000000d5580000,0x00000000d5580000,0x00000000e9500000)
  from space 31744K, 41% used [0x00000000e9500000,0x00000000ea1f52b0,0x00000000eb400000)
  to   space 29696K, 0% used [0x00000000eb600000,0x00000000eb600000,0x00000000ed300000)
 ParOldGen       total 195584K, used 104515K [0x0000000080000000, 0x000000008bf00000, 0x00000000d5580000)
  object space 195584K, 53% used [0x0000000080000000,0x0000000086610ef8,0x000000008bf00000)
 Metaspace       used 106886K, capacity 112116K, committed 112408K, reserved 1146880K
  class space    used 13656K, capacity 14765K, committed 14888K, reserved 1048576K
}

